Determining if the pthread_create exist failed with the following output:
Change Dir: /media/sf_VMShared/asteroids/build/CMakeFiles/CMakeTmp

Run Build Command:/bin/gmake "cmTryCompileExec3763371349/fast"
/bin/gmake -f CMakeFiles/cmTryCompileExec3763371349.dir/build.make CMakeFiles/cmTryCompileExec3763371349.dir/build
gmake[1]: Entering directory `/media/sf_VMShared/asteroids/build/CMakeFiles/CMakeTmp'
/usr/bin/cmake -E cmake_progress_report /media/sf_VMShared/asteroids/build/CMakeFiles/CMakeTmp/CMakeFiles 1
Building C object CMakeFiles/cmTryCompileExec3763371349.dir/CheckSymbolExists.c.o
/bin/cc   -W -Wall -Wextra -pedantic -std=c99    -o CMakeFiles/cmTryCompileExec3763371349.dir/CheckSymbolExists.c.o   -c /media/sf_VMShared/asteroids/build/CMakeFiles/CMakeTmp/CheckSymbolExists.c
/media/sf_VMShared/asteroids/build/CMakeFiles/CMakeTmp/CheckSymbolExists.c: In function ‘main’:
/media/sf_VMShared/asteroids/build/CMakeFiles/CMakeTmp/CheckSymbolExists.c:8:11: warning: ISO C forbids conversion of function pointer to object pointer type [-Wpedantic]
   return ((int*)(&pthread_create))[argc];
           ^
Linking C executable cmTryCompileExec3763371349
/usr/bin/cmake -E cmake_link_script CMakeFiles/cmTryCompileExec3763371349.dir/link.txt --verbose=1
/bin/cc  -W -Wall -Wextra -pedantic -std=c99     CMakeFiles/cmTryCompileExec3763371349.dir/CheckSymbolExists.c.o  -o cmTryCompileExec3763371349 -rdynamic 
CMakeFiles/cmTryCompileExec3763371349.dir/CheckSymbolExists.c.o: In function `main':
CheckSymbolExists.c:(.text+0x16): undefined reference to `pthread_create'
collect2: error: ld returned 1 exit status
gmake[1]: *** [cmTryCompileExec3763371349] Error 1
gmake[1]: Leaving directory `/media/sf_VMShared/asteroids/build/CMakeFiles/CMakeTmp'
gmake: *** [cmTryCompileExec3763371349/fast] Error 2

File /media/sf_VMShared/asteroids/build/CMakeFiles/CMakeTmp/CheckSymbolExists.c:
/* */
#include <pthread.h>

int main(int argc, char** argv)
{
  (void)argv;
#ifndef pthread_create
  return ((int*)(&pthread_create))[argc];
#else
  (void)argc;
  return 0;
#endif
}

Determining if the function pthread_create exists in the pthreads failed with the following output:
Change Dir: /media/sf_VMShared/asteroids/build/CMakeFiles/CMakeTmp

Run Build Command:/bin/gmake "cmTryCompileExec954784409/fast"
/bin/gmake -f CMakeFiles/cmTryCompileExec954784409.dir/build.make CMakeFiles/cmTryCompileExec954784409.dir/build
gmake[1]: Entering directory `/media/sf_VMShared/asteroids/build/CMakeFiles/CMakeTmp'
/usr/bin/cmake -E cmake_progress_report /media/sf_VMShared/asteroids/build/CMakeFiles/CMakeTmp/CMakeFiles 1
Building C object CMakeFiles/cmTryCompileExec954784409.dir/CheckFunctionExists.c.o
/bin/cc   -W -Wall -Wextra -pedantic -std=c99 -DCHECK_FUNCTION_EXISTS=pthread_create   -o CMakeFiles/cmTryCompileExec954784409.dir/CheckFunctionExists.c.o   -c /usr/share/cmake/Modules/CheckFunctionExists.c
Linking C executable cmTryCompileExec954784409
/usr/bin/cmake -E cmake_link_script CMakeFiles/cmTryCompileExec954784409.dir/link.txt --verbose=1
/bin/cc  -W -Wall -Wextra -pedantic -std=c99 -DCHECK_FUNCTION_EXISTS=pthread_create    CMakeFiles/cmTryCompileExec954784409.dir/CheckFunctionExists.c.o  -o cmTryCompileExec954784409 -rdynamic -lpthreads 
/bin/ld: cannot find -lpthreads
collect2: error: ld returned 1 exit status
gmake[1]: *** [cmTryCompileExec954784409] Error 1
gmake[1]: Leaving directory `/media/sf_VMShared/asteroids/build/CMakeFiles/CMakeTmp'
gmake: *** [cmTryCompileExec954784409/fast] Error 2


